<?xml version="1.0" encoding="UTF-8"?>
<!-- Generated by org.testng.reporters.JUnitReportReporter -->
<testsuite hostname="Kiru-Lap" failures="0" tests="5" name="com.learning.RestAssured.ServiceNowGetRequest" time="8.509" errors="0" timestamp="2023-05-01T13:59:14 IST" skipped="4">
  <testcase classname="com.learning.RestAssured.ServiceNowGetRequest" name="extractResponseBodyAsXML" time="8.509"/>
  <system-out/>
  <testcase classname="com.learning.RestAssured.ServiceNowGetRequest" name="ValidateStatusCodeAndExtractResponse">
    <skipped/>
  </testcase> <!-- ValidateStatusCodeAndExtractResponse -->
  <system-out/>
  <testcase classname="com.learning.RestAssured.ServiceNowGetRequest" name="extractResponseBodyAsJSON">
    <skipped/>
  </testcase> <!-- extractResponseBodyAsJSON -->
  <system-out/>
  <testcase classname="com.learning.RestAssured.ServiceNowGetRequest" name="ValidateStatusCode">
    <skipped/>
  </testcase> <!-- ValidateStatusCode -->
  <system-out/>
  <testcase classname="com.learning.RestAssured.ServiceNowGetRequest" name="ValidateStatusCodeWithLog">
    <skipped/>
  </testcase> <!-- ValidateStatusCodeWithLog -->
  <system-out/>
</testsuite> <!-- com.learning.RestAssured.ServiceNowGetRequest -->
