<?xml version="1.0" encoding="UTF-8"?>
<!-- Generated by org.testng.reporters.JUnitReportReporter -->
<testsuite hostname="Kiru-Lap" failures="0" tests="6" name="com.learning.RestAssured.ServiceNowLogging" time="15.288" errors="0" timestamp="2023-05-15T19:29:39 IST" skipped="5">
  <testcase classname="com.learning.RestAssured.ServiceNowLogging" name="LoggingwithBlacklist" time="15.288"/>
  <system-out/>
  <testcase classname="com.learning.RestAssured.ServiceNowLogging" name="ResponseLogging">
    <skipped/>
  </testcase> <!-- ResponseLogging -->
  <system-out/>
  <testcase classname="com.learning.RestAssured.ServiceNowLogging" name="LoggingOnlywhenFailureConfig">
    <skipped/>
  </testcase> <!-- LoggingOnlywhenFailureConfig -->
  <system-out/>
  <testcase classname="com.learning.RestAssured.ServiceNowLogging" name="LoggingifValidationFailed">
    <skipped/>
  </testcase> <!-- LoggingifValidationFailed -->
  <system-out/>
  <testcase classname="com.learning.RestAssured.ServiceNowLogging" name="RequestLogging">
    <skipped/>
  </testcase> <!-- RequestLogging -->
  <system-out/>
  <testcase classname="com.learning.RestAssured.ServiceNowLogging" name="LoggingifthereisErrorInReponse">
    <skipped/>
  </testcase> <!-- LoggingifthereisErrorInReponse -->
  <system-out/>
</testsuite> <!-- com.learning.RestAssured.ServiceNowLogging -->
