<?xml version="1.0" encoding="UTF-8"?>
<!-- Generated by org.testng.reporters.JUnitReportReporter -->
<testsuite hostname="Kiru-Lap" failures="0" tests="2" name="com.learning.RestAssured.ServiceNow_Put" time="9.895" errors="0" timestamp="2023-05-22T12:17:45 IST" skipped="0">
  <testcase classname="com.learning.RestAssured.ServiceNow_Put" name="updateIncident" time="2.735"/>
  <system-out/>
  <testcase classname="com.learning.RestAssured.ServiceNow_Put" name="extractSysID" time="7.160"/>
  <system-out/>
</testsuite> <!-- com.learning.RestAssured.ServiceNow_Put -->
