<?xml version="1.0" encoding="UTF-8"?>
<!-- Generated by org.testng.reporters.JUnitReportReporter -->
<testsuite hostname="Kiru-Lap" failures="0" tests="1" name="POJO.ServiceNow_ReqAndResBuilder" time="4.176" errors="0" timestamp="2023-05-22T16:13:09 IST" skipped="0">
  <testcase classname="POJO.ServiceNow_ReqAndResBuilder" name="createNewIncidentUsingPOJO" time="4.176"/>
  <system-out/>
</testsuite> <!-- POJO.ServiceNow_ReqAndResBuilder -->
