<?xml version="1.0" encoding="UTF-8"?>
<!-- Generated by org.testng.reporters.JUnitReportReporter -->
<testsuite hostname="Kiru-Lap" failures="0" tests="3" name="com.learning.RestAssured.QueryAndPathParam" time="14.588" errors="0" timestamp="2023-05-15T19:54:27 IST" skipped="2">
  <testcase classname="com.learning.RestAssured.QueryAndPathParam" name="getAllincidentUsingQueryParam" time="14.588"/>
  <system-out/>
  <testcase classname="com.learning.RestAssured.QueryAndPathParam" name="QueryParam">
    <skipped/>
  </testcase> <!-- QueryParam -->
  <system-out/>
  <testcase classname="com.learning.RestAssured.QueryAndPathParam" name="QueryAndPathParam">
    <skipped/>
  </testcase> <!-- QueryAndPathParam -->
  <system-out/>
</testsuite> <!-- com.learning.RestAssured.QueryAndPathParam -->
