<?xml version="1.0" encoding="UTF-8"?>
<!-- Generated by org.testng.reporters.JUnitReportReporter -->
<testsuite hostname="Kiru-Lap" failures="0" tests="1" name="com.learning.RestAssured.ServiceNowPost" time="4.651" errors="0" timestamp="2023-05-22T13:47:57 IST" skipped="0">
  <testcase classname="com.learning.RestAssured.ServiceNowPost" name="createNewIncidentWithBodyAsFile" time="4.651"/>
  <system-out/>
</testsuite> <!-- com.learning.RestAssured.ServiceNowPost -->
