<?xml version="1.0" encoding="UTF-8"?>
<!-- Generated by org.testng.reporters.JUnitReportReporter -->
<testsuite hostname="Kiru-Lap" failures="0" tests="4" name="com.learning.RestAssured.ReqandRes_NonBDD" time="1.409" errors="0" timestamp="2023-03-19T11:04:16 IST" skipped="3">
  <testcase classname="com.learning.RestAssured.ReqandRes_NonBDD" name="DeleteUser" time="1.409"/>
  <system-out/>
  <testcase classname="com.learning.RestAssured.ReqandRes_NonBDD" name="getAllUsers">
    <skipped/>
  </testcase> <!-- getAllUsers -->
  <system-out/>
  <testcase classname="com.learning.RestAssured.ReqandRes_NonBDD" name="getFirstUsers">
    <skipped/>
  </testcase> <!-- getFirstUsers -->
  <system-out/>
  <testcase classname="com.learning.RestAssured.ReqandRes_NonBDD" name="addNewUser">
    <skipped/>
  </testcase> <!-- addNewUser -->
  <system-out/>
</testsuite> <!-- com.learning.RestAssured.ReqandRes_NonBDD -->
