<?xml version="1.0" encoding="UTF-8"?>
<!-- Generated by org.testng.reporters.JUnitReportReporter -->
<testsuite hostname="Kiru-Lap" failures="0" tests="5" name="com.learning.RestAssured.ServiceNow" time="9.029" errors="0" timestamp="2023-05-07T13:06:01 IST" skipped="4">
  <testcase classname="com.learning.RestAssured.ServiceNow" name="extractResponseBodyAsXML" time="9.029"/>
  <system-out/>
  <testcase classname="com.learning.RestAssured.ServiceNow" name="ValidateStatusCodeWithLog">
    <skipped/>
  </testcase> <!-- ValidateStatusCodeWithLog -->
  <system-out/>
  <testcase classname="com.learning.RestAssured.ServiceNow" name="extractResponseBodyAsJSON">
    <skipped/>
  </testcase> <!-- extractResponseBodyAsJSON -->
  <system-out/>
  <testcase classname="com.learning.RestAssured.ServiceNow" name="ValidateStatusCodeAndExtractResponse">
    <skipped/>
  </testcase> <!-- ValidateStatusCodeAndExtractResponse -->
  <system-out/>
  <testcase classname="com.learning.RestAssured.ServiceNow" name="ValidateStatusCode">
    <skipped/>
  </testcase> <!-- ValidateStatusCode -->
  <system-out/>
</testsuite> <!-- com.learning.RestAssured.ServiceNow -->
