<?xml version="1.0" encoding="UTF-8"?>
<!-- Generated by org.testng.reporters.JUnitReportReporter -->
<testsuite hostname="Kiru-Lap" failures="0" tests="3" name="com.learning.RestAssured.JIRA_ReqAndResBuilder" time="1.676" errors="0" timestamp="2023-05-21T21:24:19 IST" skipped="2">
  <testcase classname="com.learning.RestAssured.JIRA_ReqAndResBuilder" name="attachFiletoJiraIssue" time="1.676"/>
  <system-out/>
  <testcase classname="com.learning.RestAssured.JIRA_ReqAndResBuilder" name="createNewIssueInJiraWithBodyAsString">
    <skipped/>
  </testcase> <!-- createNewIssueInJiraWithBodyAsString -->
  <system-out/>
  <testcase classname="com.learning.RestAssured.JIRA_ReqAndResBuilder" name="createNewIncidentWithBodyAsFile">
    <skipped/>
  </testcase> <!-- createNewIncidentWithBodyAsFile -->
  <system-out/>
</testsuite> <!-- com.learning.RestAssured.JIRA_ReqAndResBuilder -->
