<?xml version="1.0" encoding="UTF-8"?>
<!-- Generated by org.testng.reporters.JUnitReportReporter -->
<testsuite hostname="Kiru-Lap" failures="0" tests="1" name="com.learning.RestAssured.Mock_Server_Headers" time="11.372" errors="0" timestamp="2023-05-15T20:08:49 IST" skipped="0">
  <testcase classname="com.learning.RestAssured.Mock_Server_Headers" name="HeaderBasedResult" time="11.372"/>
  <system-out/>
</testsuite> <!-- com.learning.RestAssured.Mock_Server_Headers -->
