<?xml version="1.0" encoding="UTF-8"?>
<!-- Generated by org.testng.reporters.JUnitReportReporter -->
<testsuite hostname="Kiru-Lap" failures="0" tests="1" name="com.learning.RestAssured.ServiceNowPut" time="2.612" errors="0" timestamp="2023-05-22T13:47:57 IST" skipped="0">
  <testcase classname="com.learning.RestAssured.ServiceNowPut" name="createNewIncidentWithBodyAsFile" time="2.612"/>
  <system-out/>
</testsuite> <!-- com.learning.RestAssured.ServiceNowPut -->
