<?xml version="1.0" encoding="UTF-8"?>
<!-- Generated by org.testng.reporters.JUnitReportReporter -->
<testsuite hostname="Kiru-Lap" failures="0" tests="1" name="APIChaining.ServiceNowPut" time="2.751" errors="0" timestamp="2023-05-22T16:02:08 IST" skipped="0">
  <testcase classname="APIChaining.ServiceNowPut" name="createNewIncidentWithBodyAsFile" time="2.751"/>
  <system-out/>
</testsuite> <!-- APIChaining.ServiceNowPut -->
