<?xml version="1.0" encoding="UTF-8"?>
<!-- Generated by org.testng.reporters.JUnitReportReporter -->
<testsuite hostname="Kiru-Lap" failures="0" tests="1" name="com.learning.RestAssured.ReqandRes_BDD" time="1.297" errors="0" timestamp="2023-03-19T11:55:52 IST" skipped="0">
  <testcase classname="com.learning.RestAssured.ReqandRes_BDD" name="getAllUsers" time="1.297"/>
  <system-out/>
</testsuite> <!-- com.learning.RestAssured.ReqandRes_BDD -->
